Arguments: 
  C:\Program Files\nodejs\node.exe C:\Users\72872\AppData\Roaming\npm\node_modules\yarn\bin\yarn.js add @serialport

PATH: 
  C:\Windows\system32;C:\Windows;C:\Windows\System32\Wbem;C:\Windows\System32\WindowsPowerShell\v1.0\;C:\Windows\System32\OpenSSH\;C:\Program Files (x86)\NVIDIA Corporation\PhysX\Common;C:\Program Files\NVIDIA Corporation\NVIDIA NvDLISR;C:\Program Files\Git\cmd;D:\mingw64\bin;C:\Program Files\Java\jdk1.8.0_131\bin;C:\Users\72872\AppData\Local\Android\Sdk\platform-tools;C:\Users\72872\AppData\Local\Android\Sdk\tools;C:\Program Files\nodejs\;C:\Users\72872\Anaconda3;C:\Users\72872\Anaconda3\Library\mingw-w64\bin;C:\Users\72872\Anaconda3\Library\usr\bin;C:\Users\72872\Anaconda3\Library\bin;C:\Users\72872\Anaconda3\Scripts;C:\Users\72872\AppData\Local\Microsoft\WindowsApps;C:\Users\72872\AppData\Local\Programs\Microsoft VS Code\bin;C:\Program Files\JetBrains\WebStorm 2020.2.3\bin;;C:\Users\72872\AppData\Local\GitHubDesktop\bin;C:\Users\72872\AppData\Roaming\npm

Yarn version: 
  1.22.10

Node version: 
  14.16.0

Platform: 
  win32 x64

Trace: 
  Error: https://registry.npm.taobao.org/@serialport: Request "https://registry.npm.taobao.org/@serialport" returned a 405
      at Request.params.callback [as _callback] (C:\Users\72872\AppData\Roaming\npm\node_modules\yarn\lib\cli.js:66997:18)
      at Request.self.callback (C:\Users\72872\AppData\Roaming\npm\node_modules\yarn\lib\cli.js:140662:22)
      at Request.emit (events.js:315:20)
      at Request.<anonymous> (C:\Users\72872\AppData\Roaming\npm\node_modules\yarn\lib\cli.js:141634:10)
      at Request.emit (events.js:315:20)
      at IncomingMessage.<anonymous> (C:\Users\72872\AppData\Roaming\npm\node_modules\yarn\lib\cli.js:141556:12)
      at Object.onceWrapper (events.js:421:28)
      at IncomingMessage.emit (events.js:327:22)
      at endReadableNT (internal/streams/readable.js:1327:12)
      at processTicksAndRejections (internal/process/task_queues.js:80:21)

npm manifest: 
  No manifest

yarn manifest: 
  No manifest

Lockfile: 
  No lockfile
